memory profiling: line profiling: sample.interval=20000
#File 1: /Users/boxizhang/git/boxknapsack/R/brute.R
:673060:883297:49302736:6883:1#36 "FUN" "lapply" "sapply" 1#36 "brute_force_knapsack" 1#64 "eval" "eval" "source_one" "source_many" "force" "withr_with_dir" "load_code" "load_all" "document" 
:915305:883297:59805312:7814:"lapply" "sapply" 1#36 "brute_force_knapsack" 1#64 "eval" "eval" "source_one" "source_many" "force" "withr_with_dir" "load_code" "load_all" "document" 
:652105:838696:42158256:5628:1#36 "FUN" "lapply" "sapply" 1#36 "brute_force_knapsack" 1#64 "eval" "eval" "source_one" "source_many" "force" "withr_with_dir" "load_code" "load_all" "document" 
:875789:838696:51855888:7216:1#36 "FUN" "lapply" "sapply" 1#36 "brute_force_knapsack" 1#64 "eval" "eval" "source_one" "source_many" "force" "withr_with_dir" "load_code" "load_all" "document" 
:1023836:838696:58274328:4776:"as.integer" 1#36 "FUN" "lapply" "sapply" 1#36 "brute_force_knapsack" 1#64 "eval" "eval" "source_one" "source_many" "force" "withr_with_dir" "load_code" "load_all" "document" 
:1168676:838696:64553720:4672:"lapply" "sapply" 1#36 "brute_force_knapsack" 1#64 "eval" "eval" "source_one" "source_many" "force" "withr_with_dir" "load_code" "load_all" "document" 
:815740:838696:43795584:2534:1#36 "FUN" "lapply" "sapply" 1#36 "brute_force_knapsack" 1#64 "eval" "eval" "source_one" "source_many" "force" "withr_with_dir" "load_code" "load_all" "document" 
:996788:838696:51644600:5840:"lapply" "sapply" 1#36 "brute_force_knapsack" 1#64 "eval" "eval" "source_one" "source_many" "force" "withr_with_dir" "load_code" "load_all" "document" 
:1183506:838696:59740464:6023:":" 1#36 "FUN" "lapply" "sapply" 1#36 "brute_force_knapsack" 1#64 "eval" "eval" "source_one" "source_many" "force" "withr_with_dir" "load_code" "load_all" "document" 
:931946:838696:43605072:5224:1#36 "FUN" "lapply" "sapply" 1#36 "brute_force_knapsack" 1#64 "eval" "eval" "source_one" "source_many" "force" "withr_with_dir" "load_code" "load_all" "document" 
:1159513:838696:53470816:7341:"lapply" "sapply" 1#36 "brute_force_knapsack" 1#64 "eval" "eval" "source_one" "source_many" "force" "withr_with_dir" "load_code" "load_all" "document" 
:1210654:2018344:55699672:1652:"aperm.default" "aperm" "apply" 1#51 "brute_force_knapsack" 1#64 "eval" "eval" "source_one" "source_many" "force" "withr_with_dir" "load_code" "load_all" "document" 
:1052063:1952808:50940904:7461:"t" 1#45 "FUN" "apply" 1#51 "brute_force_knapsack" 1#64 "eval" "eval" "source_one" "source_many" "force" "withr_with_dir" "load_code" "load_all" "document" 
:1124606:1952808:59224424:7634:"[[" "$.data.frame" "$" "t" 1#45 "FUN" "apply" 1#51 "brute_force_knapsack" 1#64 "eval" "eval" "source_one" "source_many" "force" "withr_with_dir" "load_code" "load_all" "document" 
:1007532:1952808:45698296:8220:"t" 1#45 "FUN" "apply" 1#51 "brute_force_knapsack" 1#64 "eval" "eval" "source_one" "source_many" "force" "withr_with_dir" "load_code" "load_all" "document" 
:1097054:1952808:55921320:9421:"sys.call" "%in%" "[[.data.frame" "[[" "$.data.frame" "$" "t" 1#45 "FUN" "apply" 1#51 "brute_force_knapsack" 1#64 "eval" "eval" "source_one" "source_many" "force" "withr_with_dir" "load_code" "load_all" "document" 
:1172954:1952808:64587992:7989:"apply" 1#51 "brute_force_knapsack" 1#64 "eval" "eval" "source_one" "source_many" "force" "withr_with_dir" "load_code" "load_all" "document" 
:1180420:1952808:65440256:785:"t" 1#45 "FUN" "apply" 1#51 "brute_force_knapsack" 1#64 "eval" "eval" "source_one" "source_many" "force" "withr_with_dir" "load_code" "load_all" "document" 
:1180420:1952808:65440256:0:"t" 1#45 "FUN" "apply" 1#51 "brute_force_knapsack" 1#64 "eval" "eval" "source_one" "source_many" "force" "withr_with_dir" "load_code" "load_all" "document" 
:1180420:1952808:65440256:0:"t" 1#45 "FUN" "apply" 1#51 "brute_force_knapsack" 1#64 "eval" "eval" "source_one" "source_many" "force" "withr_with_dir" "load_code" "load_all" "document" 
:516106:1854191:45650024:5705:"$.data.frame" "$" "t" 1#45 "FUN" "apply" 1#51 "brute_force_knapsack" 1#64 "eval" "eval" "source_one" "source_many" "force" "withr_with_dir" "load_code" "load_all" "document" 
:623420:1854191:57907024:11297:"[[" "$.data.frame" "$" "t" 1#45 "FUN" "apply" 1#51 "brute_force_knapsack" 1#64 "eval" "eval" "source_one" "source_many" "force" "withr_with_dir" "load_code" "load_all" "document" 
:488736:1854191:42354984:9454:"sys.call" "%in%" "[[.data.frame" "[[" "$.data.frame" "$" "t" 1#45 "FUN" "apply" 1#51 "brute_force_knapsack" 1#64 "eval" "eval" "source_one" "source_many" "force" "withr_with_dir" "load_code" "load_all" "document" 
:591569:1854191:54100984:10827:"t" 1#45 "FUN" "apply" 1#51 "brute_force_knapsack" 1#64 "eval" "eval" "source_one" "source_many" "force" "withr_with_dir" "load_code" "load_all" "document" 
:684812:1854191:64746640:9811:"$" "t" 1#45 "FUN" "apply" 1#51 "brute_force_knapsack" 1#64 "eval" "eval" "source_one" "source_many" "force" "withr_with_dir" "load_code" "load_all" "document" 
:536361:1854191:47616688:7847:1#45 "FUN" "apply" 1#51 "brute_force_knapsack" 1#64 "eval" "eval" "source_one" "source_many" "force" "withr_with_dir" "load_code" "load_all" "document" 
:629807:1854191:58292584:9839:1#45 "t" 1#45 "FUN" "apply" 1#51 "brute_force_knapsack" 1#64 "eval" "eval" "source_one" "source_many" "force" "withr_with_dir" "load_code" "load_all" "document" 
:495955:1854191:42831208:9228:"[[.data.frame" "[[" "$.data.frame" "$" "t" 1#45 "FUN" "apply" 1#51 "brute_force_knapsack" 1#64 "eval" "eval" "source_one" "source_many" "force" "withr_with_dir" "load_code" "load_all" "document" 
:586599:1854191:53182360:9541:1#46 "FUN" "apply" 1#51 "brute_force_knapsack" 1#64 "eval" "eval" "source_one" "source_many" "force" "withr_with_dir" "load_code" "load_all" "document" 
:673084:1854191:63063280:9106:"%in%" "[[.data.frame" "[[" "$.data.frame" "$" "t" 1#45 "FUN" "apply" 1#51 "brute_force_knapsack" 1#64 "eval" "eval" "source_one" "source_many" "force" "withr_with_dir" "load_code" "load_all" "document" 
:552249:1854191:49088424:10445:1#45 "FUN" "apply" 1#51 "brute_force_knapsack" 1#64 "eval" "eval" "source_one" "source_many" "force" "withr_with_dir" "load_code" "load_all" "document" 
:640432:1854191:59164112:9287:1#45 "t" 1#45 "FUN" "apply" 1#51 "brute_force_knapsack" 1#64 "eval" "eval" "source_one" "source_many" "force" "withr_with_dir" "load_code" "load_all" "document" 
:490059:1854191:41816880:7185:1#46 "FUN" "apply" 1#51 "brute_force_knapsack" 1#64 "eval" "eval" "source_one" "source_many" "force" "withr_with_dir" "load_code" "load_all" "document" 
:573983:1854191:51401728:8833:"$" "t" 1#45 "FUN" "apply" 1#51 "brute_force_knapsack" 1#64 "eval" "eval" "source_one" "source_many" "force" "withr_with_dir" "load_code" "load_all" "document" 
:655532:1854191:60715536:8584:"$" "t" 1#45 "FUN" "apply" 1#51 "brute_force_knapsack" 1#64 "eval" "eval" "source_one" "source_many" "force" "withr_with_dir" "load_code" "load_all" "document" 
:521929:1854191:45291512:8805:"[[.data.frame" "[[" "$.data.frame" "$" "t" 1#45 "FUN" "apply" 1#51 "brute_force_knapsack" 1#64 "eval" "eval" "source_one" "source_many" "force" "withr_with_dir" "load_code" "load_all" "document" 
:612036:1854191:55579664:9482:"c" 1#48 "FUN" "apply" 1#51 "brute_force_knapsack" 1#64 "eval" "eval" "source_one" "source_many" "force" "withr_with_dir" "load_code" "load_all" "document" 
:698373:1854191:65440256:9088:"apply" 1#51 "brute_force_knapsack" 1#64 "eval" "eval" "source_one" "source_many" "force" "withr_with_dir" "load_code" "load_all" "document" 
:572151:1854191:50858920:9432:1#46 "FUN" "apply" 1#51 "brute_force_knapsack" 1#64 "eval" "eval" "source_one" "source_many" "force" "withr_with_dir" "load_code" "load_all" "document" 
:664448:1854191:61404392:9719:"t.default" "t" 1#45 "FUN" "apply" 1#51 "brute_force_knapsack" 1#64 "eval" "eval" "source_one" "source_many" "force" "withr_with_dir" "load_code" "load_all" "document" 
:529734:1854191:45847984:8384:"%*%" 1#45 "FUN" "apply" 1#51 "brute_force_knapsack" 1#64 "eval" "eval" "source_one" "source_many" "force" "withr_with_dir" "load_code" "load_all" "document" 
:621044:1854191:56273056:9609:1#46 "FUN" "apply" 1#51 "brute_force_knapsack" 1#64 "eval" "eval" "source_one" "source_many" "force" "withr_with_dir" "load_code" "load_all" "document" 
:489540:1854191:41093024:8584:"%*%" 1#45 "FUN" "apply" 1#51 "brute_force_knapsack" 1#64 "eval" "eval" "source_one" "source_many" "force" "withr_with_dir" "load_code" "load_all" "document" 
:581983:1854191:51653224:9731:"sys.call" "%in%" "[[.data.frame" "[[" "$.data.frame" "$" "t" 1#45 "FUN" "apply" 1#51 "brute_force_knapsack" 1#64 "eval" "eval" "source_one" "source_many" "force" "withr_with_dir" "load_code" "load_all" "document" 
:672571:1854191:61997376:9534:"$" "t" 1#45 "FUN" "apply" 1#51 "brute_force_knapsack" 1#64 "eval" "eval" "source_one" "source_many" "force" "withr_with_dir" "load_code" "load_all" "document" 
:544815:1854191:47235048:8823:"apply" 1#51 "brute_force_knapsack" 1#64 "eval" "eval" "source_one" "source_many" "force" "withr_with_dir" "load_code" "load_all" "document" 
:635874:1854191:57639288:9590:"is.matrix" "<Anonymous>" "[[.data.frame" "[[" "$.data.frame" "$" "t" 1#45 "FUN" "apply" 1#51 "brute_force_knapsack" 1#64 "eval" "eval" "source_one" "source_many" "force" "withr_with_dir" "load_code" "load_all" "document" 
:524428:1854191:44743720:10394:1#44 "FUN" "apply" 1#51 "brute_force_knapsack" 1#64 "eval" "eval" "source_one" "source_many" "force" "withr_with_dir" "load_code" "load_all" "document" 
:616236:1854191:55229608:9664:"t" 1#45 "FUN" "apply" 1#51 "brute_force_knapsack" 1#64 "eval" "eval" "source_one" "source_many" "force" "withr_with_dir" "load_code" "load_all" "document" 
:689132:1854191:63559160:7678:"t" 1#45 "FUN" "apply" 1#51 "brute_force_knapsack" 1#64 "eval" "eval" "source_one" "source_many" "force" "withr_with_dir" "load_code" "load_all" "document" 
:547367:1854191:47203296:7058:"apply" 1#51 "brute_force_knapsack" 1#64 "eval" "eval" "source_one" "source_many" "force" "withr_with_dir" "load_code" "load_all" "document" 
:640707:1854191:57867544:9830:"[[.data.frame" "[[" "$.data.frame" "$" "t" 1#45 "FUN" "apply" 1#51 "brute_force_knapsack" 1#64 "eval" "eval" "source_one" "source_many" "force" "withr_with_dir" "load_code" "load_all" "document" 
:707044:1854191:65440256:6978:1#45 "FUN" "apply" 1#51 "brute_force_knapsack" 1#64 "eval" "eval" "source_one" "source_many" "force" "withr_with_dir" "load_code" "load_all" "document" 
:574833:1854191:50182440:7928:"<=" 1#46 "FUN" "apply" 1#51 "brute_force_knapsack" 1#64 "eval" "eval" "source_one" "source_many" "force" "withr_with_dir" "load_code" "load_all" "document" 
:659539:1854191:59860024:8919:1#45 "FUN" "apply" 1#51 "brute_force_knapsack" 1#64 "eval" "eval" "source_one" "source_many" "force" "withr_with_dir" "load_code" "load_all" "document" 
:520978:1854191:43865864:7105:"apply" 1#51 "brute_force_knapsack" 1#64 "eval" "eval" "source_one" "source_many" "force" "withr_with_dir" "load_code" "load_all" "document" 
:599205:1854191:52804808:8239:"%*%" 1#45 "FUN" "apply" 1#51 "brute_force_knapsack" 1#64 "eval" "eval" "source_one" "source_many" "force" "withr_with_dir" "load_code" "load_all" "document" 
:707866:1854191:65212392:11435:"[[" "$.data.frame" "$" "t" 1#45 "FUN" "apply" 1#51 "brute_force_knapsack" 1#64 "eval" "eval" "source_one" "source_many" "force" "withr_with_dir" "load_code" "load_all" "document" 
:591752:1854191:51796360:9337:"[[" "$.data.frame" "$" "t" 1#45 "FUN" "apply" 1#51 "brute_force_knapsack" 1#64 "eval" "eval" "source_one" "source_many" "force" "withr_with_dir" "load_code" "load_all" "document" 
:684338:1854191:62372520:9748:1#45 "FUN" "apply" 1#51 "brute_force_knapsack" 1#64 "eval" "eval" "source_one" "source_many" "force" "withr_with_dir" "load_code" "load_all" "document" 
:564700:1854191:48553232:8823:"<Anonymous>" "[[.data.frame" "[[" "$.data.frame" "$" "t" 1#45 "FUN" "apply" 1#51 "brute_force_knapsack" 1#64 "eval" "eval" "source_one" "source_many" "force" "withr_with_dir" "load_code" "load_all" "document" 
:626002:1854191:55551384:6450:"<=" 1#46 "FUN" "apply" 1#51 "brute_force_knapsack" 1#64 "eval" "eval" "source_one" "source_many" "force" "withr_with_dir" "load_code" "load_all" "document" 
:712588:1854191:65440256:9113:"$" "t" 1#45 "FUN" "apply" 1#51 "brute_force_knapsack" 1#64 "eval" "eval" "source_one" "source_many" "force" "withr_with_dir" "load_code" "load_all" "document" 
:567105:1854191:48672512:5965:"t" 1#45 "FUN" "apply" 1#51 "brute_force_knapsack" 1#64 "eval" "eval" "source_one" "source_many" "force" "withr_with_dir" "load_code" "load_all" "document" 
:660205:1854191:59305400:9800:"[[" "$.data.frame" "$" "t" 1#45 "FUN" "apply" 1#51 "brute_force_knapsack" 1#64 "eval" "eval" "source_one" "source_many" "force" "withr_with_dir" "load_code" "load_all" "document" 
:713932:1854191:65440256:5653:"%in%" "[[.data.frame" "[[" "$.data.frame" "$" "t" 1#45 "FUN" "apply" 1#51 "brute_force_knapsack" 1#64 "eval" "eval" "source_one" "source_many" "force" "withr_with_dir" "load_code" "load_all" "document" 
:595965:1854191:51801400:8741:1#44 "FUN" "apply" 1#51 "brute_force_knapsack" 1#64 "eval" "eval" "source_one" "source_many" "force" "withr_with_dir" "load_code" "load_all" "document" 
:670656:1854191:60333448:7864:"apply" 1#51 "brute_force_knapsack" 1#64 "eval" "eval" "source_one" "source_many" "force" "withr_with_dir" "load_code" "load_all" "document" 
:549032:1854191:46293744:8231:"t.default" "t" 1#45 "FUN" "apply" 1#51 "brute_force_knapsack" 1#64 "eval" "eval" "source_one" "source_many" "force" "withr_with_dir" "load_code" "load_all" "document" 
:640154:1854191:56700056:9591:".subset2" "<Anonymous>" "[[.data.frame" "[[" "$.data.frame" "$" "t" 1#45 "FUN" "apply" 1#51 "brute_force_knapsack" 1#64 "eval" "eval" "source_one" "source_many" "force" "withr_with_dir" "load_code" "load_all" "document" 
:715394:1854191:65293200:7920:"<Anonymous>" "[[.data.frame" "[[" "$.data.frame" "$" "t" 1#45 "FUN" "apply" 1#51 "brute_force_knapsack" 1#64 "eval" "eval" "source_one" "source_many" "force" "withr_with_dir" "load_code" "load_all" "document" 
:583423:1854191:50063888:6994:1#46 "FUN" "apply" 1#51 "brute_force_knapsack" 1#64 "eval" "eval" "source_one" "source_many" "force" "withr_with_dir" "load_code" "load_all" "document" 
:658381:1854191:58625280:7890:"$" "t" 1#45 "FUN" "apply" 1#51 "brute_force_knapsack" 1#64 "eval" "eval" "source_one" "source_many" "force" "withr_with_dir" "load_code" "load_all" "document" 
:535532:1854191:44444512:7822:"%*%" 1#45 "FUN" "apply" 1#51 "brute_force_knapsack" 1#64 "eval" "eval" "source_one" "source_many" "force" "withr_with_dir" "load_code" "load_all" "document" 
:625460:1854191:54714800:9464:"t" 1#45 "FUN" "apply" 1#51 "brute_force_knapsack" 1#64 "eval" "eval" "source_one" "source_many" "force" "withr_with_dir" "load_code" "load_all" "document" 
